<?xml version="1.0" encoding="UTF-8"?>
<!-- Generated by org.testng.reporters.JUnitReportReporter -->
<testsuite hostname="DESKTOP-BVG2GMI" failures="0" tests="1" name="basicJava.CollectionsBasics" time="0.010" errors="0" timestamp="2023-07-25T18:10:45 IST" skipped="0">
  <testcase classname="basicJava.CollectionsBasics" name="listToArray" time="0.010"/>
</testsuite> <!-- basicJava.CollectionsBasics -->
