<?xml version="1.0" encoding="UTF-8"?>
<!-- Generated by org.testng.reporters.JUnitReportReporter -->
<testsuite hostname="DESKTOP-BVG2GMI" failures="0" tests="1" name="basicJava.Streams" time="0.012" errors="0" timestamp="2023-07-25T17:19:19 IST" skipped="0">
  <testcase classname="basicJava.Streams" name="printEachElement" time="0.012"/>
</testsuite> <!-- basicJava.Streams -->
