<?xml version="1.0" encoding="UTF-8"?>
<!-- Generated by org.testng.reporters.JUnitReportReporter -->
<testsuite hostname="DESKTOP-BVG2GMI" failures="0" tests="3" name="testCases.FormDataCreationAllMarkets" time="24.459" errors="0" timestamp="2023-07-03T01:45:40 IST" skipped="0">
  <testcase classname="testCases.FormDataCreationAllMarkets" name="formDataCreation" time="5.533"/>
  <testcase classname="testCases.FormDataCreationAllMarkets" name="formDataCreation" time="13.568"/>
  <testcase classname="testCases.FormDataCreationAllMarkets" name="formDataCreation" time="5.358"/>
</testsuite> <!-- testCases.FormDataCreationAllMarkets -->
