<?xml version="1.0" encoding="UTF-8"?>
<!-- Generated by org.testng.reporters.JUnitReportReporter -->
<testsuite hostname="DESKTOP-BVG2GMI" failures="0" tests="1" name="mavenTest.HelloTest" time="0.015" errors="0" timestamp="2023-07-22T01:51:02 IST" skipped="0">
  <testcase classname="mavenTest.HelloTest" name="helloTest" time="0.015"/>
</testsuite> <!-- mavenTest.HelloTest -->
