<?xml version="1.0" encoding="UTF-8"?>
<!-- Generated by org.testng.reporters.JUnitReportReporter -->
<testsuite hostname="DESKTOP-BVG2GMI" failures="0" tests="1" name="testCases.Amazon" time="3.232" errors="0" timestamp="2023-07-20T02:38:39 IST" skipped="0">
  <testcase classname="testCases.Amazon" name="mobileClick" time="3.232"/>
</testsuite> <!-- testCases.Amazon -->
