<?xml version="1.0" encoding="UTF-8"?>
<!-- Generated by org.testng.reporters.JUnitReportReporter -->
<testsuite hostname="DESKTOP-BVG2GMI" failures="0" tests="3" name="demoTestNG.Scenario01" time="0.011" errors="0" timestamp="2023-07-25T02:43:59 IST" skipped="0">
  <testcase classname="demoTestNG.Scenario01" name="hey" time="0.001"/>
  <testcase classname="demoTestNG.Scenario01" name="custom" time="0.007"/>
  <testcase classname="demoTestNG.Scenario01" name="wassup" time="0.003"/>
</testsuite> <!-- demoTestNG.Scenario01 -->
