<?xml version="1.0" encoding="UTF-8"?>
<!-- Generated by org.testng.reporters.JUnitReportReporter -->
<testsuite hostname="DESKTOP-BVG2GMI" failures="0" tests="1" name="testCases.SayHello" time="0.010" errors="0" timestamp="2023-07-01T00:54:37 IST" skipped="0">
  <testcase classname="testCases.SayHello" name="userDirectory" time="0.010"/>
</testsuite> <!-- testCases.SayHello -->
