<?xml version="1.0" encoding="UTF-8"?>
<!-- Generated by org.testng.reporters.JUnitReportReporter -->
<testsuite hostname="DESKTOP-BVG2GMI" failures="0" tests="3" name="testCases.FormDataCreationAllMarkets" time="33.352" errors="0" timestamp="2023-07-25T20:26:37 IST" skipped="0">
  <testcase classname="testCases.FormDataCreationAllMarkets" name="formDataCreation" time="11.351"/>
  <testcase classname="testCases.FormDataCreationAllMarkets" name="formDataCreation" time="13.754"/>
  <testcase classname="testCases.FormDataCreationAllMarkets" name="formDataCreation" time="8.247"/>
</testsuite> <!-- testCases.FormDataCreationAllMarkets -->
