<?xml version="1.0" encoding="UTF-8"?>
<!-- Generated by org.testng.reporters.JUnitReportReporter -->
<testsuite hostname="DESKTOP-BVG2GMI" failures="0" tests="1" name="testCases.SayHello" time="0.023" errors="0" timestamp="2023-06-30T03:28:06 IST" skipped="0">
  <testcase classname="testCases.SayHello" name="Bye" time="0.023"/>
</testsuite> <!-- testCases.SayHello -->
