<?xml version="1.0" encoding="UTF-8"?>
<!-- Generated by org.testng.reporters.JUnitReportReporter -->
<testsuite hostname="DESKTOP-BVG2GMI" failures="0" tests="1" name="testCases.ExcelTest" time="0.013" errors="0" timestamp="2023-07-03T11:29:50 IST" skipped="0">
  <testcase classname="testCases.ExcelTest" name="excelT" time="0.013"/>
</testsuite> <!-- testCases.ExcelTest -->
